[06-Mar-2019 12:03:03 UTC] PHP Warning:  in_array() expects parameter 2 to be array, boolean given in /home/ubuntu/workspace/blog/wp-content/plugins/language-switcher/includes/class-language-switcher.php on line 509
[06-Mar-2019 16:08:31 UTC] PHP Fatal error:  Uncaught Error: Call to a member function have_posts() on null in /home/ubuntu/workspace/blog/wp-content/themes/H-Code/index.php:46
Stack trace:
#0 /home/ubuntu/workspace/blog/wp-includes/template-loader.php(77): include()
#1 /home/ubuntu/workspace/blog/wp-blog-header.php(19): require_once('/home/ubuntu/wo...')
#2 /home/ubuntu/workspace/blog/index.php(17): require('/home/ubuntu/wo...')
#3 {main}
  thrown in /home/ubuntu/workspace/blog/wp-content/themes/H-Code/index.php on line 46
[06-Mar-2019 19:32:29 UTC] PHP Fatal error:  Cannot use isset() on the result of an expression (you can use "null !== expression" instead) in /home/ubuntu/workspace/blog/wp-content/plugins/languageswitch.php on line 12
[06-Mar-2019 19:33:07 UTC] PHP Parse error:  syntax error, unexpected ')' in /home/ubuntu/workspace/blog/wp-content/plugins/languageswitch.php on line 12
[06-Mar-2019 19:39:37 UTC] PHP Fatal error:  Uncaught Error: Call to a member function userdata() on null in /home/ubuntu/workspace/blog/wp-content/plugins/languageswitch.php:19
Stack trace:
#0 /home/ubuntu/workspace/blog/wp-includes/class-wp-hook.php(286): wpsx_redefine_locale('en_GB')
#1 /home/ubuntu/workspace/blog/wp-includes/plugin.php(208): WP_Hook->apply_filters('en_GB', Array)
#2 /home/ubuntu/workspace/blog/wp-includes/l10n.php(75): apply_filters('locale', 'en_GB')
#3 /home/ubuntu/workspace/blog/wp-includes/l10n.php(131): get_locale()
#4 /home/ubuntu/workspace/blog/wp-includes/l10n.php(785): determine_locale()
#5 /home/ubuntu/workspace/blog/wp-content/plugins/cardoza-3d-tag-cloud/cardoza_3D_tag_cloud.php(163): load_plugin_textdomain('cardozatagcloud', false, 'cardoza-3d-tag-...')
#6 /home/ubuntu/workspace/blog/wp-includes/class-wp-hook.php(286): cardoza_3d_tagcloud_init('')
#7 /home/ubuntu/workspace/blog/wp-includes/class-wp-hook.php(310): WP_Hook->apply_filters(NULL, Array)
#8 /home/ubuntu/workspace/blog/wp-includes/plugin.php(465): WP_Hook->do_ in /home/ubuntu/workspace/blog/wp-content/plugins/languageswitch.php on line 19
[06-Mar-2019 19:59:35 UTC] PHP Warning:  Cannot modify header information - headers already sent by (output started at /home/ubuntu/workspace/blog/wp-includes/class.wp-styles.php:242) in /home/ubuntu/workspace/blog/wp-content/plugins/languageswitch.php on line 14
[06-Mar-2019 19:59:35 UTC] PHP Warning:  Cannot modify header information - headers already sent by (output started at /home/ubuntu/workspace/blog/wp-includes/class.wp-styles.php:242) in /home/ubuntu/workspace/blog/wp-content/plugins/languageswitch.php on line 15
[06-Mar-2019 19:59:35 UTC] PHP Warning:  Cannot modify header information - headers already sent by (output started at /home/ubuntu/workspace/blog/wp-includes/class.wp-styles.php:242) in /home/ubuntu/workspace/blog/wp-content/plugins/languageswitch.php on line 14
[06-Mar-2019 19:59:35 UTC] PHP Warning:  Cannot modify header information - headers already sent by (output started at /home/ubuntu/workspace/blog/wp-includes/class.wp-styles.php:242) in /home/ubuntu/workspace/blog/wp-content/plugins/languageswitch.php on line 15
[06-Mar-2019 19:59:35 UTC] PHP Warning:  Cannot modify header information - headers already sent by (output started at /home/ubuntu/workspace/blog/wp-includes/class.wp-styles.php:242) in /home/ubuntu/workspace/blog/wp-content/plugins/languageswitch.php on line 14
[06-Mar-2019 19:59:35 UTC] PHP Warning:  Cannot modify header information - headers already sent by (output started at /home/ubuntu/workspace/blog/wp-includes/class.wp-styles.php:242) in /home/ubuntu/workspace/blog/wp-content/plugins/languageswitch.php on line 15
[06-Mar-2019 19:59:35 UTC] PHP Warning:  Cannot modify header information - headers already sent by (output started at /home/ubuntu/workspace/blog/wp-includes/class.wp-styles.php:242) in /home/ubuntu/workspace/blog/wp-content/plugins/languageswitch.php on line 14
[06-Mar-2019 19:59:35 UTC] PHP Warning:  Cannot modify header information - headers already sent by (output started at /home/ubuntu/workspace/blog/wp-includes/class.wp-styles.php:242) in /home/ubuntu/workspace/blog/wp-content/plugins/languageswitch.php on line 15
[06-Mar-2019 19:59:35 UTC] PHP Warning:  Cannot modify header information - headers already sent by (output started at /home/ubuntu/workspace/blog/wp-includes/class.wp-styles.php:242) in /home/ubuntu/workspace/blog/wp-content/plugins/languageswitch.php on line 14
[06-Mar-2019 19:59:35 UTC] PHP Warning:  Cannot modify header information - headers already sent by (output started at /home/ubuntu/workspace/blog/wp-includes/class.wp-styles.php:242) in /home/ubuntu/workspace/blog/wp-content/plugins/languageswitch.php on line 15
[06-Mar-2019 19:59:35 UTC] PHP Warning:  Cannot modify header information - headers already sent by (output started at /home/ubuntu/workspace/blog/wp-includes/class.wp-styles.php:242) in /home/ubuntu/workspace/blog/wp-content/plugins/languageswitch.php on line 14
[06-Mar-2019 19:59:35 UTC] PHP Warning:  Cannot modify header information - headers already sent by (output started at /home/ubuntu/workspace/blog/wp-includes/class.wp-styles.php:242) in /home/ubuntu/workspace/blog/wp-content/plugins/languageswitch.php on line 15
[06-Mar-2019 19:59:35 UTC] PHP Warning:  Cannot modify header information - headers already sent by (output started at /home/ubuntu/workspace/blog/wp-includes/class.wp-styles.php:242) in /home/ubuntu/workspace/blog/wp-content/plugins/languageswitch.php on line 14
[06-Mar-2019 19:59:35 UTC] PHP Warning:  Cannot modify header information - headers already sent by (output started at /home/ubuntu/workspace/blog/wp-includes/class.wp-styles.php:242) in /home/ubuntu/workspace/blog/wp-content/plugins/languageswitch.php on line 15
[06-Mar-2019 19:59:35 UTC] PHP Warning:  Cannot modify header information - headers already sent by (output started at /home/ubuntu/workspace/blog/wp-includes/class.wp-styles.php:242) in /home/ubuntu/workspace/blog/wp-content/plugins/languageswitch.php on line 14
[06-Mar-2019 19:59:35 UTC] PHP Warning:  Cannot modify header information - headers already sent by (output started at /home/ubuntu/workspace/blog/wp-includes/class.wp-styles.php:242) in /home/ubuntu/workspace/blog/wp-content/plugins/languageswitch.php on line 15
[06-Mar-2019 19:59:35 UTC] PHP Warning:  Cannot modify header information - headers already sent by (output started at /home/ubuntu/workspace/blog/wp-includes/class.wp-styles.php:242) in /home/ubuntu/workspace/blog/wp-content/plugins/languageswitch.php on line 14
[06-Mar-2019 19:59:35 UTC] PHP Warning:  Cannot modify header information - headers already sent by (output started at /home/ubuntu/workspace/blog/wp-includes/class.wp-styles.php:242) in /home/ubuntu/workspace/blog/wp-content/plugins/languageswitch.php on line 15
[06-Mar-2019 19:59:35 UTC] PHP Warning:  Cannot modify header information - headers already sent by (output started at /home/ubuntu/workspace/blog/wp-includes/class.wp-styles.php:242) in /home/ubuntu/workspace/blog/wp-content/plugins/languageswitch.php on line 14
[06-Mar-2019 19:59:35 UTC] PHP Warning:  Cannot modify header information - headers already sent by (output started at /home/ubuntu/workspace/blog/wp-includes/class.wp-styles.php:242) in /home/ubuntu/workspace/blog/wp-content/plugins/languageswitch.php on line 15
[06-Mar-2019 19:59:35 UTC] PHP Warning:  Cannot modify header information - headers already sent by (output started at /home/ubuntu/workspace/blog/wp-includes/class.wp-styles.php:242) in /home/ubuntu/workspace/blog/wp-content/plugins/languageswitch.php on line 14
[06-Mar-2019 19:59:35 UTC] PHP Warning:  Cannot modify header information - headers already sent by (output started at /home/ubuntu/workspace/blog/wp-includes/class.wp-styles.php:242) in /home/ubuntu/workspace/blog/wp-content/plugins/languageswitch.php on line 15
[06-Mar-2019 19:59:35 UTC] PHP Warning:  Cannot modify header information - headers already sent by (output started at /home/ubuntu/workspace/blog/wp-includes/class.wp-styles.php:242) in /home/ubuntu/workspace/blog/wp-content/plugins/languageswitch.php on line 14
[06-Mar-2019 19:59:35 UTC] PHP Warning:  Cannot modify header information - headers already sent by (output started at /home/ubuntu/workspace/blog/wp-includes/class.wp-styles.php:242) in /home/ubuntu/workspace/blog/wp-content/plugins/languageswitch.php on line 15
[06-Mar-2019 19:59:35 UTC] PHP Warning:  Cannot modify header information - headers already sent by (output started at /home/ubuntu/workspace/blog/wp-includes/class.wp-styles.php:242) in /home/ubuntu/workspace/blog/wp-content/plugins/languageswitch.php on line 14
[06-Mar-2019 19:59:35 UTC] PHP Warning:  Cannot modify header information - headers already sent by (output started at /home/ubuntu/workspace/blog/wp-includes/class.wp-styles.php:242) in /home/ubuntu/workspace/blog/wp-content/plugins/languageswitch.php on line 15
[06-Mar-2019 19:59:35 UTC] PHP Warning:  Cannot modify header information - headers already sent by (output started at /home/ubuntu/workspace/blog/wp-includes/class.wp-styles.php:242) in /home/ubuntu/workspace/blog/wp-content/plugins/languageswitch.php on line 14
[06-Mar-2019 19:59:35 UTC] PHP Warning:  Cannot modify header information - headers already sent by (output started at /home/ubuntu/workspace/blog/wp-includes/class.wp-styles.php:242) in /home/ubuntu/workspace/blog/wp-content/plugins/languageswitch.php on line 15
[06-Mar-2019 20:04:35 UTC] PHP Warning:  Cannot modify header information - headers already sent by (output started at /home/ubuntu/workspace/blog/wp-includes/class.wp-styles.php:242) in /home/ubuntu/workspace/blog/wp-content/plugins/languageswitch.php on line 14
[06-Mar-2019 20:04:35 UTC] PHP Warning:  Cannot modify header information - headers already sent by (output started at /home/ubuntu/workspace/blog/wp-includes/class.wp-styles.php:242) in /home/ubuntu/workspace/blog/wp-content/plugins/languageswitch.php on line 18
[06-Mar-2019 20:04:35 UTC] PHP Warning:  Cannot modify header information - headers already sent by (output started at /home/ubuntu/workspace/blog/wp-includes/class.wp-styles.php:242) in /home/ubuntu/workspace/blog/wp-content/plugins/languageswitch.php on line 14
[06-Mar-2019 20:04:35 UTC] PHP Warning:  Cannot modify header information - headers already sent by (output started at /home/ubuntu/workspace/blog/wp-includes/class.wp-styles.php:242) in /home/ubuntu/workspace/blog/wp-content/plugins/languageswitch.php on line 18
[06-Mar-2019 20:04:35 UTC] PHP Warning:  Cannot modify header information - headers already sent by (output started at /home/ubuntu/workspace/blog/wp-includes/class.wp-styles.php:242) in /home/ubuntu/workspace/blog/wp-content/plugins/languageswitch.php on line 14
[06-Mar-2019 20:04:35 UTC] PHP Warning:  Cannot modify header information - headers already sent by (output started at /home/ubuntu/workspace/blog/wp-includes/class.wp-styles.php:242) in /home/ubuntu/workspace/blog/wp-content/plugins/languageswitch.php on line 18
[06-Mar-2019 20:04:35 UTC] PHP Warning:  Cannot modify header information - headers already sent by (output started at /home/ubuntu/workspace/blog/wp-includes/class.wp-styles.php:242) in /home/ubuntu/workspace/blog/wp-content/plugins/languageswitch.php on line 14
[06-Mar-2019 20:04:35 UTC] PHP Warning:  Cannot modify header information - headers already sent by (output started at /home/ubuntu/workspace/blog/wp-includes/class.wp-styles.php:242) in /home/ubuntu/workspace/blog/wp-content/plugins/languageswitch.php on line 18
[06-Mar-2019 20:04:35 UTC] PHP Warning:  Cannot modify header information - headers already sent by (output started at /home/ubuntu/workspace/blog/wp-includes/class.wp-styles.php:242) in /home/ubuntu/workspace/blog/wp-content/plugins/languageswitch.php on line 14
[06-Mar-2019 20:04:35 UTC] PHP Warning:  Cannot modify header information - headers already sent by (output started at /home/ubuntu/workspace/blog/wp-includes/class.wp-styles.php:242) in /home/ubuntu/workspace/blog/wp-content/plugins/languageswitch.php on line 18
[06-Mar-2019 20:04:35 UTC] PHP Warning:  Cannot modify header information - headers already sent by (output started at /home/ubuntu/workspace/blog/wp-includes/class.wp-styles.php:242) in /home/ubuntu/workspace/blog/wp-content/plugins/languageswitch.php on line 14
[06-Mar-2019 20:04:35 UTC] PHP Warning:  Cannot modify header information - headers already sent by (output started at /home/ubuntu/workspace/blog/wp-includes/class.wp-styles.php:242) in /home/ubuntu/workspace/blog/wp-content/plugins/languageswitch.php on line 18
[06-Mar-2019 20:04:35 UTC] PHP Warning:  Cannot modify header information - headers already sent by (output started at /home/ubuntu/workspace/blog/wp-includes/class.wp-styles.php:242) in /home/ubuntu/workspace/blog/wp-content/plugins/languageswitch.php on line 14
[06-Mar-2019 20:04:35 UTC] PHP Warning:  Cannot modify header information - headers already sent by (output started at /home/ubuntu/workspace/blog/wp-includes/class.wp-styles.php:242) in /home/ubuntu/workspace/blog/wp-content/plugins/languageswitch.php on line 18
[06-Mar-2019 20:04:35 UTC] PHP Warning:  Cannot modify header information - headers already sent by (output started at /home/ubuntu/workspace/blog/wp-includes/class.wp-styles.php:242) in /home/ubuntu/workspace/blog/wp-content/plugins/languageswitch.php on line 14
[06-Mar-2019 20:04:35 UTC] PHP Warning:  Cannot modify header information - headers already sent by (output started at /home/ubuntu/workspace/blog/wp-includes/class.wp-styles.php:242) in /home/ubuntu/workspace/blog/wp-content/plugins/languageswitch.php on line 18
[06-Mar-2019 20:04:35 UTC] PHP Warning:  Cannot modify header information - headers already sent by (output started at /home/ubuntu/workspace/blog/wp-includes/class.wp-styles.php:242) in /home/ubuntu/workspace/blog/wp-content/plugins/languageswitch.php on line 14
[06-Mar-2019 20:04:35 UTC] PHP Warning:  Cannot modify header information - headers already sent by (output started at /home/ubuntu/workspace/blog/wp-includes/class.wp-styles.php:242) in /home/ubuntu/workspace/blog/wp-content/plugins/languageswitch.php on line 18
[06-Mar-2019 20:04:35 UTC] PHP Warning:  Cannot modify header information - headers already sent by (output started at /home/ubuntu/workspace/blog/wp-includes/class.wp-styles.php:242) in /home/ubuntu/workspace/blog/wp-content/plugins/languageswitch.php on line 14
[06-Mar-2019 20:04:35 UTC] PHP Warning:  Cannot modify header information - headers already sent by (output started at /home/ubuntu/workspace/blog/wp-includes/class.wp-styles.php:242) in /home/ubuntu/workspace/blog/wp-content/plugins/languageswitch.php on line 18
[06-Mar-2019 20:04:35 UTC] PHP Warning:  Cannot modify header information - headers already sent by (output started at /home/ubuntu/workspace/blog/wp-includes/class.wp-styles.php:242) in /home/ubuntu/workspace/blog/wp-content/plugins/languageswitch.php on line 14
[06-Mar-2019 20:04:35 UTC] PHP Warning:  Cannot modify header information - headers already sent by (output started at /home/ubuntu/workspace/blog/wp-includes/class.wp-styles.php:242) in /home/ubuntu/workspace/blog/wp-content/plugins/languageswitch.php on line 18
[06-Mar-2019 20:04:35 UTC] PHP Warning:  Cannot modify header information - headers already sent by (output started at /home/ubuntu/workspace/blog/wp-includes/class.wp-styles.php:242) in /home/ubuntu/workspace/blog/wp-content/plugins/languageswitch.php on line 14
[06-Mar-2019 20:04:35 UTC] PHP Warning:  Cannot modify header information - headers already sent by (output started at /home/ubuntu/workspace/blog/wp-includes/class.wp-styles.php:242) in /home/ubuntu/workspace/blog/wp-content/plugins/languageswitch.php on line 18
[06-Mar-2019 20:04:35 UTC] PHP Warning:  Cannot modify header information - headers already sent by (output started at /home/ubuntu/workspace/blog/wp-includes/class.wp-styles.php:242) in /home/ubuntu/workspace/blog/wp-content/plugins/languageswitch.php on line 14
[06-Mar-2019 20:04:35 UTC] PHP Warning:  Cannot modify header information - headers already sent by (output started at /home/ubuntu/workspace/blog/wp-includes/class.wp-styles.php:242) in /home/ubuntu/workspace/blog/wp-content/plugins/languageswitch.php on line 18
[06-Mar-2019 20:04:35 UTC] PHP Warning:  Cannot modify header information - headers already sent by (output started at /home/ubuntu/workspace/blog/wp-includes/class.wp-styles.php:242) in /home/ubuntu/workspace/blog/wp-content/plugins/languageswitch.php on line 14
[06-Mar-2019 20:04:35 UTC] PHP Warning:  Cannot modify header information - headers already sent by (output started at /home/ubuntu/workspace/blog/wp-includes/class.wp-styles.php:242) in /home/ubuntu/workspace/blog/wp-content/plugins/languageswitch.php on line 18
[06-Mar-2019 20:05:19 UTC] PHP Warning:  Cannot modify header information - headers already sent by (output started at /home/ubuntu/workspace/blog/wp-includes/class.wp-styles.php:242) in /home/ubuntu/workspace/blog/wp-content/plugins/languageswitch.php on line 16
[06-Mar-2019 20:05:19 UTC] PHP Warning:  Cannot modify header information - headers already sent by (output started at /home/ubuntu/workspace/blog/wp-includes/class.wp-styles.php:242) in /home/ubuntu/workspace/blog/wp-content/plugins/languageswitch.php on line 18
[06-Mar-2019 20:05:20 UTC] PHP Warning:  Cannot modify header information - headers already sent by (output started at /home/ubuntu/workspace/blog/wp-includes/class.wp-styles.php:242) in /home/ubuntu/workspace/blog/wp-content/plugins/languageswitch.php on line 16
[06-Mar-2019 20:05:20 UTC] PHP Warning:  Cannot modify header information - headers already sent by (output started at /home/ubuntu/workspace/blog/wp-includes/class.wp-styles.php:242) in /home/ubuntu/workspace/blog/wp-content/plugins/languageswitch.php on line 18
[06-Mar-2019 20:05:20 UTC] PHP Warning:  Cannot modify header information - headers already sent by (output started at /home/ubuntu/workspace/blog/wp-includes/class.wp-styles.php:242) in /home/ubuntu/workspace/blog/wp-content/plugins/languageswitch.php on line 16
[06-Mar-2019 20:05:20 UTC] PHP Warning:  Cannot modify header information - headers already sent by (output started at /home/ubuntu/workspace/blog/wp-includes/class.wp-styles.php:242) in /home/ubuntu/workspace/blog/wp-content/plugins/languageswitch.php on line 18
[06-Mar-2019 20:05:20 UTC] PHP Warning:  Cannot modify header information - headers already sent by (output started at /home/ubuntu/workspace/blog/wp-includes/class.wp-styles.php:242) in /home/ubuntu/workspace/blog/wp-content/plugins/languageswitch.php on line 16
[06-Mar-2019 20:05:20 UTC] PHP Warning:  Cannot modify header information - headers already sent by (output started at /home/ubuntu/workspace/blog/wp-includes/class.wp-styles.php:242) in /home/ubuntu/workspace/blog/wp-content/plugins/languageswitch.php on line 18
[06-Mar-2019 20:05:20 UTC] PHP Warning:  Cannot modify header information - headers already sent by (output started at /home/ubuntu/workspace/blog/wp-includes/class.wp-styles.php:242) in /home/ubuntu/workspace/blog/wp-content/plugins/languageswitch.php on line 16
[06-Mar-2019 20:05:20 UTC] PHP Warning:  Cannot modify header information - headers already sent by (output started at /home/ubuntu/workspace/blog/wp-includes/class.wp-styles.php:242) in /home/ubuntu/workspace/blog/wp-content/plugins/languageswitch.php on line 18
[06-Mar-2019 20:05:20 UTC] PHP Warning:  Cannot modify header information - headers already sent by (output started at /home/ubuntu/workspace/blog/wp-includes/class.wp-styles.php:242) in /home/ubuntu/workspace/blog/wp-content/plugins/languageswitch.php on line 16
[06-Mar-2019 20:05:20 UTC] PHP Warning:  Cannot modify header information - headers already sent by (output started at /home/ubuntu/workspace/blog/wp-includes/class.wp-styles.php:242) in /home/ubuntu/workspace/blog/wp-content/plugins/languageswitch.php on line 18
[06-Mar-2019 20:05:20 UTC] PHP Warning:  Cannot modify header information - headers already sent by (output started at /home/ubuntu/workspace/blog/wp-includes/class.wp-styles.php:242) in /home/ubuntu/workspace/blog/wp-content/plugins/languageswitch.php on line 16
[06-Mar-2019 20:05:20 UTC] PHP Warning:  Cannot modify header information - headers already sent by (output started at /home/ubuntu/workspace/blog/wp-includes/class.wp-styles.php:242) in /home/ubuntu/workspace/blog/wp-content/plugins/languageswitch.php on line 18
[06-Mar-2019 20:05:20 UTC] PHP Warning:  Cannot modify header information - headers already sent by (output started at /home/ubuntu/workspace/blog/wp-includes/class.wp-styles.php:242) in /home/ubuntu/workspace/blog/wp-content/plugins/languageswitch.php on line 16
[06-Mar-2019 20:05:20 UTC] PHP Warning:  Cannot modify header information - headers already sent by (output started at /home/ubuntu/workspace/blog/wp-includes/class.wp-styles.php:242) in /home/ubuntu/workspace/blog/wp-content/plugins/languageswitch.php on line 18
[06-Mar-2019 20:05:20 UTC] PHP Warning:  Cannot modify header information - headers already sent by (output started at /home/ubuntu/workspace/blog/wp-includes/class.wp-styles.php:242) in /home/ubuntu/workspace/blog/wp-content/plugins/languageswitch.php on line 16
[06-Mar-2019 20:05:20 UTC] PHP Warning:  Cannot modify header information - headers already sent by (output started at /home/ubuntu/workspace/blog/wp-includes/class.wp-styles.php:242) in /home/ubuntu/workspace/blog/wp-content/plugins/languageswitch.php on line 18
[06-Mar-2019 20:05:20 UTC] PHP Warning:  Cannot modify header information - headers already sent by (output started at /home/ubuntu/workspace/blog/wp-includes/class.wp-styles.php:242) in /home/ubuntu/workspace/blog/wp-content/plugins/languageswitch.php on line 16
[06-Mar-2019 20:05:20 UTC] PHP Warning:  Cannot modify header information - headers already sent by (output started at /home/ubuntu/workspace/blog/wp-includes/class.wp-styles.php:242) in /home/ubuntu/workspace/blog/wp-content/plugins/languageswitch.php on line 18
[06-Mar-2019 20:05:20 UTC] PHP Warning:  Cannot modify header information - headers already sent by (output started at /home/ubuntu/workspace/blog/wp-includes/class.wp-styles.php:242) in /home/ubuntu/workspace/blog/wp-content/plugins/languageswitch.php on line 16
[06-Mar-2019 20:05:20 UTC] PHP Warning:  Cannot modify header information - headers already sent by (output started at /home/ubuntu/workspace/blog/wp-includes/class.wp-styles.php:242) in /home/ubuntu/workspace/blog/wp-content/plugins/languageswitch.php on line 18
[06-Mar-2019 20:05:20 UTC] PHP Warning:  Cannot modify header information - headers already sent by (output started at /home/ubuntu/workspace/blog/wp-includes/class.wp-styles.php:242) in /home/ubuntu/workspace/blog/wp-content/plugins/languageswitch.php on line 16
[06-Mar-2019 20:05:20 UTC] PHP Warning:  Cannot modify header information - headers already sent by (output started at /home/ubuntu/workspace/blog/wp-includes/class.wp-styles.php:242) in /home/ubuntu/workspace/blog/wp-content/plugins/languageswitch.php on line 18
[06-Mar-2019 20:05:20 UTC] PHP Warning:  Cannot modify header information - headers already sent by (output started at /home/ubuntu/workspace/blog/wp-includes/class.wp-styles.php:242) in /home/ubuntu/workspace/blog/wp-content/plugins/languageswitch.php on line 16
[06-Mar-2019 20:05:20 UTC] PHP Warning:  Cannot modify header information - headers already sent by (output started at /home/ubuntu/workspace/blog/wp-includes/class.wp-styles.php:242) in /home/ubuntu/workspace/blog/wp-content/plugins/languageswitch.php on line 18
[06-Mar-2019 20:05:20 UTC] PHP Warning:  Cannot modify header information - headers already sent by (output started at /home/ubuntu/workspace/blog/wp-includes/class.wp-styles.php:242) in /home/ubuntu/workspace/blog/wp-content/plugins/languageswitch.php on line 16
[06-Mar-2019 20:05:20 UTC] PHP Warning:  Cannot modify header information - headers already sent by (output started at /home/ubuntu/workspace/blog/wp-includes/class.wp-styles.php:242) in /home/ubuntu/workspace/blog/wp-content/plugins/languageswitch.php on line 18
[06-Mar-2019 20:09:04 UTC] PHP Warning:  Cannot modify header information - headers already sent by (output started at /home/ubuntu/workspace/blog/wp-includes/formatting.php:5518) in /home/ubuntu/workspace/blog/wp-content/plugins/languageswitch.php on line 16
[06-Mar-2019 20:09:04 UTC] PHP Warning:  Cannot modify header information - headers already sent by (output started at /home/ubuntu/workspace/blog/wp-includes/formatting.php:5518) in /home/ubuntu/workspace/blog/wp-content/plugins/languageswitch.php on line 16
[06-Mar-2019 20:09:04 UTC] PHP Warning:  Cannot modify header information - headers already sent by (output started at /home/ubuntu/workspace/blog/wp-includes/formatting.php:5518) in /home/ubuntu/workspace/blog/wp-content/plugins/languageswitch.php on line 16
[06-Mar-2019 20:09:04 UTC] PHP Warning:  Cannot modify header information - headers already sent by (output started at /home/ubuntu/workspace/blog/wp-includes/formatting.php:5518) in /home/ubuntu/workspace/blog/wp-content/plugins/languageswitch.php on line 16
[06-Mar-2019 20:09:04 UTC] PHP Warning:  Cannot modify header information - headers already sent by (output started at /home/ubuntu/workspace/blog/wp-includes/formatting.php:5518) in /home/ubuntu/workspace/blog/wp-content/plugins/languageswitch.php on line 16
[06-Mar-2019 20:09:04 UTC] PHP Warning:  Cannot modify header information - headers already sent by (output started at /home/ubuntu/workspace/blog/wp-includes/formatting.php:5518) in /home/ubuntu/workspace/blog/wp-content/plugins/languageswitch.php on line 16
[06-Mar-2019 20:09:04 UTC] PHP Warning:  Cannot modify header information - headers already sent by (output started at /home/ubuntu/workspace/blog/wp-includes/formatting.php:5518) in /home/ubuntu/workspace/blog/wp-content/plugins/languageswitch.php on line 16
[06-Mar-2019 20:09:04 UTC] PHP Warning:  Cannot modify header information - headers already sent by (output started at /home/ubuntu/workspace/blog/wp-includes/formatting.php:5518) in /home/ubuntu/workspace/blog/wp-content/plugins/languageswitch.php on line 16
[06-Mar-2019 20:09:04 UTC] PHP Warning:  Cannot modify header information - headers already sent by (output started at /home/ubuntu/workspace/blog/wp-includes/formatting.php:5518) in /home/ubuntu/workspace/blog/wp-content/plugins/languageswitch.php on line 16
[06-Mar-2019 20:09:04 UTC] PHP Warning:  Cannot modify header information - headers already sent by (output started at /home/ubuntu/workspace/blog/wp-includes/formatting.php:5518) in /home/ubuntu/workspace/blog/wp-content/plugins/languageswitch.php on line 16
[06-Mar-2019 20:09:04 UTC] PHP Warning:  Cannot modify header information - headers already sent by (output started at /home/ubuntu/workspace/blog/wp-includes/formatting.php:5518) in /home/ubuntu/workspace/blog/wp-content/plugins/languageswitch.php on line 16
[06-Mar-2019 20:09:04 UTC] PHP Warning:  Cannot modify header information - headers already sent by (output started at /home/ubuntu/workspace/blog/wp-includes/formatting.php:5518) in /home/ubuntu/workspace/blog/wp-content/plugins/languageswitch.php on line 16
[06-Mar-2019 20:09:04 UTC] PHP Warning:  Cannot modify header information - headers already sent by (output started at /home/ubuntu/workspace/blog/wp-includes/formatting.php:5518) in /home/ubuntu/workspace/blog/wp-content/plugins/languageswitch.php on line 16
[06-Mar-2019 20:09:04 UTC] PHP Warning:  Cannot modify header information - headers already sent by (output started at /home/ubuntu/workspace/blog/wp-includes/formatting.php:5518) in /home/ubuntu/workspace/blog/wp-content/plugins/languageswitch.php on line 16
[06-Mar-2019 20:09:39 UTC] PHP Warning:  Cannot modify header information - headers already sent by (output started at /home/ubuntu/workspace/blog/wp-includes/class.wp-styles.php:242) in /home/ubuntu/workspace/blog/wp-content/plugins/languageswitch.php on line 16
[06-Mar-2019 20:09:39 UTC] PHP Warning:  Cannot modify header information - headers already sent by (output started at /home/ubuntu/workspace/blog/wp-includes/class.wp-styles.php:242) in /home/ubuntu/workspace/blog/wp-includes/pluggable.php on line 1251
[06-Mar-2019 20:09:39 UTC] PHP Warning:  Cannot modify header information - headers already sent by (output started at /home/ubuntu/workspace/blog/wp-includes/class.wp-styles.php:242) in /home/ubuntu/workspace/blog/wp-includes/pluggable.php on line 1254
[06-Mar-2019 20:09:39 UTC] PHP Warning:  Cannot modify header information - headers already sent by (output started at /home/ubuntu/workspace/blog/wp-includes/class.wp-styles.php:242) in /home/ubuntu/workspace/blog/wp-content/plugins/languageswitch.php on line 16
[06-Mar-2019 20:09:39 UTC] PHP Warning:  Cannot modify header information - headers already sent by (output started at /home/ubuntu/workspace/blog/wp-includes/class.wp-styles.php:242) in /home/ubuntu/workspace/blog/wp-includes/pluggable.php on line 1251
[06-Mar-2019 20:09:39 UTC] PHP Warning:  Cannot modify header information - headers already sent by (output started at /home/ubuntu/workspace/blog/wp-includes/class.wp-styles.php:242) in /home/ubuntu/workspace/blog/wp-includes/pluggable.php on line 1254
[06-Mar-2019 20:09:39 UTC] PHP Warning:  Cannot modify header information - headers already sent by (output started at /home/ubuntu/workspace/blog/wp-includes/class.wp-styles.php:242) in /home/ubuntu/workspace/blog/wp-content/plugins/languageswitch.php on line 16
[06-Mar-2019 20:09:39 UTC] PHP Warning:  Cannot modify header information - headers already sent by (output started at /home/ubuntu/workspace/blog/wp-includes/class.wp-styles.php:242) in /home/ubuntu/workspace/blog/wp-includes/pluggable.php on line 1251
[06-Mar-2019 20:09:39 UTC] PHP Warning:  Cannot modify header information - headers already sent by (output started at /home/ubuntu/workspace/blog/wp-includes/class.wp-styles.php:242) in /home/ubuntu/workspace/blog/wp-includes/pluggable.php on line 1254
[06-Mar-2019 20:09:39 UTC] PHP Warning:  Cannot modify header information - headers already sent by (output started at /home/ubuntu/workspace/blog/wp-includes/class.wp-styles.php:242) in /home/ubuntu/workspace/blog/wp-content/plugins/languageswitch.php on line 16
[06-Mar-2019 20:09:39 UTC] PHP Warning:  Cannot modify header information - headers already sent by (output started at /home/ubuntu/workspace/blog/wp-includes/class.wp-styles.php:242) in /home/ubuntu/workspace/blog/wp-includes/pluggable.php on line 1251
[06-Mar-2019 20:09:39 UTC] PHP Warning:  Cannot modify header information - headers already sent by (output started at /home/ubuntu/workspace/blog/wp-includes/class.wp-styles.php:242) in /home/ubuntu/workspace/blog/wp-includes/pluggable.php on line 1254
[06-Mar-2019 20:09:39 UTC] PHP Warning:  Cannot modify header information - headers already sent by (output started at /home/ubuntu/workspace/blog/wp-includes/class.wp-styles.php:242) in /home/ubuntu/workspace/blog/wp-content/plugins/languageswitch.php on line 16
[06-Mar-2019 20:09:39 UTC] PHP Warning:  Cannot modify header information - headers already sent by (output started at /home/ubuntu/workspace/blog/wp-includes/class.wp-styles.php:242) in /home/ubuntu/workspace/blog/wp-includes/pluggable.php on line 1251
[06-Mar-2019 20:09:39 UTC] PHP Warning:  Cannot modify header information - headers already sent by (output started at /home/ubuntu/workspace/blog/wp-includes/class.wp-styles.php:242) in /home/ubuntu/workspace/blog/wp-includes/pluggable.php on line 1254
[06-Mar-2019 20:09:43 UTC] PHP Warning:  Cannot modify header information - headers already sent by (output started at /home/ubuntu/workspace/blog/wp-includes/class.wp-styles.php:242) in /home/ubuntu/workspace/blog/wp-content/plugins/languageswitch.php on line 14
[06-Mar-2019 20:09:43 UTC] PHP Warning:  Cannot modify header information - headers already sent by (output started at /home/ubuntu/workspace/blog/wp-includes/class.wp-styles.php:242) in /home/ubuntu/workspace/blog/wp-includes/pluggable.php on line 1251
[06-Mar-2019 20:09:43 UTC] PHP Warning:  Cannot modify header information - headers already sent by (output started at /home/ubuntu/workspace/blog/wp-includes/class.wp-styles.php:242) in /home/ubuntu/workspace/blog/wp-includes/pluggable.php on line 1254
[06-Mar-2019 20:09:43 UTC] PHP Warning:  Cannot modify header information - headers already sent by (output started at /home/ubuntu/workspace/blog/wp-includes/class.wp-styles.php:242) in /home/ubuntu/workspace/blog/wp-content/plugins/languageswitch.php on line 14
[06-Mar-2019 20:09:43 UTC] PHP Warning:  Cannot modify header information - headers already sent by (output started at /home/ubuntu/workspace/blog/wp-includes/class.wp-styles.php:242) in /home/ubuntu/workspace/blog/wp-includes/pluggable.php on line 1251
[06-Mar-2019 20:09:43 UTC] PHP Warning:  Cannot modify header information - headers already sent by (output started at /home/ubuntu/workspace/blog/wp-includes/class.wp-styles.php:242) in /home/ubuntu/workspace/blog/wp-includes/pluggable.php on line 1254
[06-Mar-2019 20:09:43 UTC] PHP Warning:  Cannot modify header information - headers already sent by (output started at /home/ubuntu/workspace/blog/wp-includes/class.wp-styles.php:242) in /home/ubuntu/workspace/blog/wp-content/plugins/languageswitch.php on line 14
[06-Mar-2019 20:09:43 UTC] PHP Warning:  Cannot modify header information - headers already sent by (output started at /home/ubuntu/workspace/blog/wp-includes/class.wp-styles.php:242) in /home/ubuntu/workspace/blog/wp-includes/pluggable.php on line 1251
[06-Mar-2019 20:09:43 UTC] PHP Warning:  Cannot modify header information - headers already sent by (output started at /home/ubuntu/workspace/blog/wp-includes/class.wp-styles.php:242) in /home/ubuntu/workspace/blog/wp-includes/pluggable.php on line 1254
[06-Mar-2019 20:09:43 UTC] PHP Warning:  Cannot modify header information - headers already sent by (output started at /home/ubuntu/workspace/blog/wp-includes/class.wp-styles.php:242) in /home/ubuntu/workspace/blog/wp-content/plugins/languageswitch.php on line 14
[06-Mar-2019 20:09:43 UTC] PHP Warning:  Cannot modify header information - headers already sent by (output started at /home/ubuntu/workspace/blog/wp-includes/class.wp-styles.php:242) in /home/ubuntu/workspace/blog/wp-includes/pluggable.php on line 1251
[06-Mar-2019 20:09:43 UTC] PHP Warning:  Cannot modify header information - headers already sent by (output started at /home/ubuntu/workspace/blog/wp-includes/class.wp-styles.php:242) in /home/ubuntu/workspace/blog/wp-includes/pluggable.php on line 1254
[06-Mar-2019 20:09:43 UTC] PHP Warning:  Cannot modify header information - headers already sent by (output started at /home/ubuntu/workspace/blog/wp-includes/class.wp-styles.php:242) in /home/ubuntu/workspace/blog/wp-content/plugins/languageswitch.php on line 14
[06-Mar-2019 20:09:43 UTC] PHP Warning:  Cannot modify header information - headers already sent by (output started at /home/ubuntu/workspace/blog/wp-includes/class.wp-styles.php:242) in /home/ubuntu/workspace/blog/wp-includes/pluggable.php on line 1251
[06-Mar-2019 20:09:43 UTC] PHP Warning:  Cannot modify header information - headers already sent by (output started at /home/ubuntu/workspace/blog/wp-includes/class.wp-styles.php:242) in /home/ubuntu/workspace/blog/wp-includes/pluggable.php on line 1254
[06-Mar-2019 20:09:43 UTC] PHP Warning:  Cannot modify header information - headers already sent by (output started at /home/ubuntu/workspace/blog/wp-includes/class.wp-styles.php:242) in /home/ubuntu/workspace/blog/wp-content/plugins/languageswitch.php on line 14
[06-Mar-2019 20:09:43 UTC] PHP Warning:  Cannot modify header information - headers already sent by (output started at /home/ubuntu/workspace/blog/wp-includes/class.wp-styles.php:242) in /home/ubuntu/workspace/blog/wp-includes/pluggable.php on line 1251
[06-Mar-2019 20:09:43 UTC] PHP Warning:  Cannot modify header information - headers already sent by (output started at /home/ubuntu/workspace/blog/wp-includes/class.wp-styles.php:242) in /home/ubuntu/workspace/blog/wp-includes/pluggable.php on line 1254
[06-Mar-2019 20:09:43 UTC] PHP Warning:  Cannot modify header information - headers already sent by (output started at /home/ubuntu/workspace/blog/wp-includes/class.wp-styles.php:242) in /home/ubuntu/workspace/blog/wp-content/plugins/languageswitch.php on line 14
[06-Mar-2019 20:09:43 UTC] PHP Warning:  Cannot modify header information - headers already sent by (output started at /home/ubuntu/workspace/blog/wp-includes/class.wp-styles.php:242) in /home/ubuntu/workspace/blog/wp-includes/pluggable.php on line 1251
[06-Mar-2019 20:09:43 UTC] PHP Warning:  Cannot modify header information - headers already sent by (output started at /home/ubuntu/workspace/blog/wp-includes/class.wp-styles.php:242) in /home/ubuntu/workspace/blog/wp-includes/pluggable.php on line 1254
[06-Mar-2019 20:09:43 UTC] PHP Warning:  Cannot modify header information - headers already sent by (output started at /home/ubuntu/workspace/blog/wp-includes/class.wp-styles.php:242) in /home/ubuntu/workspace/blog/wp-content/plugins/languageswitch.php on line 14
[06-Mar-2019 20:09:43 UTC] PHP Warning:  Cannot modify header information - headers already sent by (output started at /home/ubuntu/workspace/blog/wp-includes/class.wp-styles.php:242) in /home/ubuntu/workspace/blog/wp-includes/pluggable.php on line 1251
[06-Mar-2019 20:09:43 UTC] PHP Warning:  Cannot modify header information - headers already sent by (output started at /home/ubuntu/workspace/blog/wp-includes/class.wp-styles.php:242) in /home/ubuntu/workspace/blog/wp-includes/pluggable.php on line 1254
[06-Mar-2019 20:09:43 UTC] PHP Warning:  Cannot modify header information - headers already sent by (output started at /home/ubuntu/workspace/blog/wp-includes/class.wp-styles.php:242) in /home/ubuntu/workspace/blog/wp-content/plugins/languageswitch.php on line 14
[06-Mar-2019 20:09:43 UTC] PHP Warning:  Cannot modify header information - headers already sent by (output started at /home/ubuntu/workspace/blog/wp-includes/class.wp-styles.php:242) in /home/ubuntu/workspace/blog/wp-includes/pluggable.php on line 1251
[06-Mar-2019 20:09:43 UTC] PHP Warning:  Cannot modify header information - headers already sent by (output started at /home/ubuntu/workspace/blog/wp-includes/class.wp-styles.php:242) in /home/ubuntu/workspace/blog/wp-includes/pluggable.php on line 1254
[06-Mar-2019 20:09:43 UTC] PHP Warning:  Cannot modify header information - headers already sent by (output started at /home/ubuntu/workspace/blog/wp-includes/class.wp-styles.php:242) in /home/ubuntu/workspace/blog/wp-content/plugins/languageswitch.php on line 14
[06-Mar-2019 20:09:43 UTC] PHP Warning:  Cannot modify header information - headers already sent by (output started at /home/ubuntu/workspace/blog/wp-includes/class.wp-styles.php:242) in /home/ubuntu/workspace/blog/wp-includes/pluggable.php on line 1251
[06-Mar-2019 20:09:43 UTC] PHP Warning:  Cannot modify header information - headers already sent by (output started at /home/ubuntu/workspace/blog/wp-includes/class.wp-styles.php:242) in /home/ubuntu/workspace/blog/wp-includes/pluggable.php on line 1254
[06-Mar-2019 20:09:43 UTC] PHP Warning:  Cannot modify header information - headers already sent by (output started at /home/ubuntu/workspace/blog/wp-includes/class.wp-styles.php:242) in /home/ubuntu/workspace/blog/wp-content/plugins/languageswitch.php on line 14
[06-Mar-2019 20:09:43 UTC] PHP Warning:  Cannot modify header information - headers already sent by (output started at /home/ubuntu/workspace/blog/wp-includes/class.wp-styles.php:242) in /home/ubuntu/workspace/blog/wp-includes/pluggable.php on line 1251
[06-Mar-2019 20:09:43 UTC] PHP Warning:  Cannot modify header information - headers already sent by (output started at /home/ubuntu/workspace/blog/wp-includes/class.wp-styles.php:242) in /home/ubuntu/workspace/blog/wp-includes/pluggable.php on line 1254
[06-Mar-2019 20:09:43 UTC] PHP Warning:  Cannot modify header information - headers already sent by (output started at /home/ubuntu/workspace/blog/wp-includes/class.wp-styles.php:242) in /home/ubuntu/workspace/blog/wp-content/plugins/languageswitch.php on line 14
[06-Mar-2019 20:09:43 UTC] PHP Warning:  Cannot modify header information - headers already sent by (output started at /home/ubuntu/workspace/blog/wp-includes/class.wp-styles.php:242) in /home/ubuntu/workspace/blog/wp-includes/pluggable.php on line 1251
[06-Mar-2019 20:09:43 UTC] PHP Warning:  Cannot modify header information - headers already sent by (output started at /home/ubuntu/workspace/blog/wp-includes/class.wp-styles.php:242) in /home/ubuntu/workspace/blog/wp-includes/pluggable.php on line 1254
[06-Mar-2019 20:09:43 UTC] PHP Warning:  Cannot modify header information - headers already sent by (output started at /home/ubuntu/workspace/blog/wp-includes/class.wp-styles.php:242) in /home/ubuntu/workspace/blog/wp-content/plugins/languageswitch.php on line 14
[06-Mar-2019 20:09:43 UTC] PHP Warning:  Cannot modify header information - headers already sent by (output started at /home/ubuntu/workspace/blog/wp-includes/class.wp-styles.php:242) in /home/ubuntu/workspace/blog/wp-includes/pluggable.php on line 1251
[06-Mar-2019 20:09:43 UTC] PHP Warning:  Cannot modify header information - headers already sent by (output started at /home/ubuntu/workspace/blog/wp-includes/class.wp-styles.php:242) in /home/ubuntu/workspace/blog/wp-includes/pluggable.php on line 1254
[06-Mar-2019 20:09:43 UTC] PHP Warning:  Cannot modify header information - headers already sent by (output started at /home/ubuntu/workspace/blog/wp-includes/class.wp-styles.php:242) in /home/ubuntu/workspace/blog/wp-content/plugins/languageswitch.php on line 14
[06-Mar-2019 20:09:43 UTC] PHP Warning:  Cannot modify header information - headers already sent by (output started at /home/ubuntu/workspace/blog/wp-includes/class.wp-styles.php:242) in /home/ubuntu/workspace/blog/wp-includes/pluggable.php on line 1251
[06-Mar-2019 20:09:43 UTC] PHP Warning:  Cannot modify header information - headers already sent by (output started at /home/ubuntu/workspace/blog/wp-includes/class.wp-styles.php:242) in /home/ubuntu/workspace/blog/wp-includes/pluggable.php on line 1254
[06-Mar-2019 20:09:45 UTC] PHP Warning:  Cannot modify header information - headers already sent by (output started at /home/ubuntu/workspace/blog/wp-includes/class.wp-styles.php:242) in /home/ubuntu/workspace/blog/wp-content/plugins/languageswitch.php on line 16
[06-Mar-2019 20:09:45 UTC] PHP Warning:  Cannot modify header information - headers already sent by (output started at /home/ubuntu/workspace/blog/wp-includes/class.wp-styles.php:242) in /home/ubuntu/workspace/blog/wp-includes/pluggable.php on line 1251
[06-Mar-2019 20:09:45 UTC] PHP Warning:  Cannot modify header information - headers already sent by (output started at /home/ubuntu/workspace/blog/wp-includes/class.wp-styles.php:242) in /home/ubuntu/workspace/blog/wp-includes/pluggable.php on line 1254
[06-Mar-2019 20:09:45 UTC] PHP Warning:  Cannot modify header information - headers already sent by (output started at /home/ubuntu/workspace/blog/wp-includes/class.wp-styles.php:242) in /home/ubuntu/workspace/blog/wp-content/plugins/languageswitch.php on line 16
[06-Mar-2019 20:09:45 UTC] PHP Warning:  Cannot modify header information - headers already sent by (output started at /home/ubuntu/workspace/blog/wp-includes/class.wp-styles.php:242) in /home/ubuntu/workspace/blog/wp-includes/pluggable.php on line 1251
[06-Mar-2019 20:09:45 UTC] PHP Warning:  Cannot modify header information - headers already sent by (output started at /home/ubuntu/workspace/blog/wp-includes/class.wp-styles.php:242) in /home/ubuntu/workspace/blog/wp-includes/pluggable.php on line 1254
[06-Mar-2019 20:09:45 UTC] PHP Warning:  Cannot modify header information - headers already sent by (output started at /home/ubuntu/workspace/blog/wp-includes/class.wp-styles.php:242) in /home/ubuntu/workspace/blog/wp-content/plugins/languageswitch.php on line 16
[06-Mar-2019 20:09:45 UTC] PHP Warning:  Cannot modify header information - headers already sent by (output started at /home/ubuntu/workspace/blog/wp-includes/class.wp-styles.php:242) in /home/ubuntu/workspace/blog/wp-includes/pluggable.php on line 1251
[06-Mar-2019 20:09:45 UTC] PHP Warning:  Cannot modify header information - headers already sent by (output started at /home/ubuntu/workspace/blog/wp-includes/class.wp-styles.php:242) in /home/ubuntu/workspace/blog/wp-includes/pluggable.php on line 1254
[06-Mar-2019 20:09:45 UTC] PHP Warning:  Cannot modify header information - headers already sent by (output started at /home/ubuntu/workspace/blog/wp-includes/class.wp-styles.php:242) in /home/ubuntu/workspace/blog/wp-content/plugins/languageswitch.php on line 16
[06-Mar-2019 20:09:45 UTC] PHP Warning:  Cannot modify header information - headers already sent by (output started at /home/ubuntu/workspace/blog/wp-includes/class.wp-styles.php:242) in /home/ubuntu/workspace/blog/wp-includes/pluggable.php on line 1251
[06-Mar-2019 20:09:45 UTC] PHP Warning:  Cannot modify header information - headers already sent by (output started at /home/ubuntu/workspace/blog/wp-includes/class.wp-styles.php:242) in /home/ubuntu/workspace/blog/wp-includes/pluggable.php on line 1254
[06-Mar-2019 20:09:45 UTC] PHP Warning:  Cannot modify header information - headers already sent by (output started at /home/ubuntu/workspace/blog/wp-includes/class.wp-styles.php:242) in /home/ubuntu/workspace/blog/wp-content/plugins/languageswitch.php on line 16
[06-Mar-2019 20:09:45 UTC] PHP Warning:  Cannot modify header information - headers already sent by (output started at /home/ubuntu/workspace/blog/wp-includes/class.wp-styles.php:242) in /home/ubuntu/workspace/blog/wp-includes/pluggable.php on line 1251
[06-Mar-2019 20:09:45 UTC] PHP Warning:  Cannot modify header information - headers already sent by (output started at /home/ubuntu/workspace/blog/wp-includes/class.wp-styles.php:242) in /home/ubuntu/workspace/blog/wp-includes/pluggable.php on line 1254
[06-Mar-2019 20:09:45 UTC] PHP Warning:  Cannot modify header information - headers already sent by (output started at /home/ubuntu/workspace/blog/wp-includes/class.wp-styles.php:242) in /home/ubuntu/workspace/blog/wp-content/plugins/languageswitch.php on line 16
[06-Mar-2019 20:09:45 UTC] PHP Warning:  Cannot modify header information - headers already sent by (output started at /home/ubuntu/workspace/blog/wp-includes/class.wp-styles.php:242) in /home/ubuntu/workspace/blog/wp-includes/pluggable.php on line 1251
[06-Mar-2019 20:09:45 UTC] PHP Warning:  Cannot modify header information - headers already sent by (output started at /home/ubuntu/workspace/blog/wp-includes/class.wp-styles.php:242) in /home/ubuntu/workspace/blog/wp-includes/pluggable.php on line 1254
[06-Mar-2019 20:09:45 UTC] PHP Warning:  Cannot modify header information - headers already sent by (output started at /home/ubuntu/workspace/blog/wp-includes/class.wp-styles.php:242) in /home/ubuntu/workspace/blog/wp-content/plugins/languageswitch.php on line 16
[06-Mar-2019 20:09:45 UTC] PHP Warning:  Cannot modify header information - headers already sent by (output started at /home/ubuntu/workspace/blog/wp-includes/class.wp-styles.php:242) in /home/ubuntu/workspace/blog/wp-includes/pluggable.php on line 1251
[06-Mar-2019 20:09:45 UTC] PHP Warning:  Cannot modify header information - headers already sent by (output started at /home/ubuntu/workspace/blog/wp-includes/class.wp-styles.php:242) in /home/ubuntu/workspace/blog/wp-includes/pluggable.php on line 1254
[06-Mar-2019 20:09:45 UTC] PHP Warning:  Cannot modify header information - headers already sent by (output started at /home/ubuntu/workspace/blog/wp-includes/class.wp-styles.php:242) in /home/ubuntu/workspace/blog/wp-content/plugins/languageswitch.php on line 16
[06-Mar-2019 20:09:45 UTC] PHP Warning:  Cannot modify header information - headers already sent by (output started at /home/ubuntu/workspace/blog/wp-includes/class.wp-styles.php:242) in /home/ubuntu/workspace/blog/wp-includes/pluggable.php on line 1251
[06-Mar-2019 20:09:45 UTC] PHP Warning:  Cannot modify header information - headers already sent by (output started at /home/ubuntu/workspace/blog/wp-includes/class.wp-styles.php:242) in /home/ubuntu/workspace/blog/wp-includes/pluggable.php on line 1254
[06-Mar-2019 20:09:45 UTC] PHP Warning:  Cannot modify header information - headers already sent by (output started at /home/ubuntu/workspace/blog/wp-includes/class.wp-styles.php:242) in /home/ubuntu/workspace/blog/wp-content/plugins/languageswitch.php on line 16
[06-Mar-2019 20:09:45 UTC] PHP Warning:  Cannot modify header information - headers already sent by (output started at /home/ubuntu/workspace/blog/wp-includes/class.wp-styles.php:242) in /home/ubuntu/workspace/blog/wp-includes/pluggable.php on line 1251
[06-Mar-2019 20:09:45 UTC] PHP Warning:  Cannot modify header information - headers already sent by (output started at /home/ubuntu/workspace/blog/wp-includes/class.wp-styles.php:242) in /home/ubuntu/workspace/blog/wp-includes/pluggable.php on line 1254
[06-Mar-2019 20:09:45 UTC] PHP Warning:  Cannot modify header information - headers already sent by (output started at /home/ubuntu/workspace/blog/wp-includes/class.wp-styles.php:242) in /home/ubuntu/workspace/blog/wp-content/plugins/languageswitch.php on line 16
[06-Mar-2019 20:09:45 UTC] PHP Warning:  Cannot modify header information - headers already sent by (output started at /home/ubuntu/workspace/blog/wp-includes/class.wp-styles.php:242) in /home/ubuntu/workspace/blog/wp-includes/pluggable.php on line 1251
[06-Mar-2019 20:09:45 UTC] PHP Warning:  Cannot modify header information - headers already sent by (output started at /home/ubuntu/workspace/blog/wp-includes/class.wp-styles.php:242) in /home/ubuntu/workspace/blog/wp-includes/pluggable.php on line 1254
[06-Mar-2019 20:09:45 UTC] PHP Warning:  Cannot modify header information - headers already sent by (output started at /home/ubuntu/workspace/blog/wp-includes/class.wp-styles.php:242) in /home/ubuntu/workspace/blog/wp-content/plugins/languageswitch.php on line 16
[06-Mar-2019 20:09:45 UTC] PHP Warning:  Cannot modify header information - headers already sent by (output started at /home/ubuntu/workspace/blog/wp-includes/class.wp-styles.php:242) in /home/ubuntu/workspace/blog/wp-includes/pluggable.php on line 1251
[06-Mar-2019 20:09:45 UTC] PHP Warning:  Cannot modify header information - headers already sent by (output started at /home/ubuntu/workspace/blog/wp-includes/class.wp-styles.php:242) in /home/ubuntu/workspace/blog/wp-includes/pluggable.php on line 1254
[06-Mar-2019 20:09:45 UTC] PHP Warning:  Cannot modify header information - headers already sent by (output started at /home/ubuntu/workspace/blog/wp-includes/class.wp-styles.php:242) in /home/ubuntu/workspace/blog/wp-content/plugins/languageswitch.php on line 16
[06-Mar-2019 20:09:45 UTC] PHP Warning:  Cannot modify header information - headers already sent by (output started at /home/ubuntu/workspace/blog/wp-includes/class.wp-styles.php:242) in /home/ubuntu/workspace/blog/wp-includes/pluggable.php on line 1251
[06-Mar-2019 20:09:45 UTC] PHP Warning:  Cannot modify header information - headers already sent by (output started at /home/ubuntu/workspace/blog/wp-includes/class.wp-styles.php:242) in /home/ubuntu/workspace/blog/wp-includes/pluggable.php on line 1254
[06-Mar-2019 20:09:45 UTC] PHP Warning:  Cannot modify header information - headers already sent by (output started at /home/ubuntu/workspace/blog/wp-includes/class.wp-styles.php:242) in /home/ubuntu/workspace/blog/wp-content/plugins/languageswitch.php on line 16
[06-Mar-2019 20:09:45 UTC] PHP Warning:  Cannot modify header information - headers already sent by (output started at /home/ubuntu/workspace/blog/wp-includes/class.wp-styles.php:242) in /home/ubuntu/workspace/blog/wp-includes/pluggable.php on line 1251
[06-Mar-2019 20:09:45 UTC] PHP Warning:  Cannot modify header information - headers already sent by (output started at /home/ubuntu/workspace/blog/wp-includes/class.wp-styles.php:242) in /home/ubuntu/workspace/blog/wp-includes/pluggable.php on line 1254
[06-Mar-2019 20:09:45 UTC] PHP Warning:  Cannot modify header information - headers already sent by (output started at /home/ubuntu/workspace/blog/wp-includes/class.wp-styles.php:242) in /home/ubuntu/workspace/blog/wp-content/plugins/languageswitch.php on line 16
[06-Mar-2019 20:09:45 UTC] PHP Warning:  Cannot modify header information - headers already sent by (output started at /home/ubuntu/workspace/blog/wp-includes/class.wp-styles.php:242) in /home/ubuntu/workspace/blog/wp-includes/pluggable.php on line 1251
[06-Mar-2019 20:09:45 UTC] PHP Warning:  Cannot modify header information - headers already sent by (output started at /home/ubuntu/workspace/blog/wp-includes/class.wp-styles.php:242) in /home/ubuntu/workspace/blog/wp-includes/pluggable.php on line 1254
[06-Mar-2019 20:10:35 UTC] PHP Warning:  Cannot modify header information - headers already sent by (output started at /home/ubuntu/workspace/blog/wp-includes/class.wp-styles.php:242) in /home/ubuntu/workspace/blog/wp-content/plugins/languageswitch.php on line 14
[06-Mar-2019 20:10:35 UTC] PHP Warning:  Cannot modify header information - headers already sent by (output started at /home/ubuntu/workspace/blog/wp-includes/class.wp-styles.php:242) in /home/ubuntu/workspace/blog/wp-includes/pluggable.php on line 1251
[06-Mar-2019 20:10:35 UTC] PHP Warning:  Cannot modify header information - headers already sent by (output started at /home/ubuntu/workspace/blog/wp-includes/class.wp-styles.php:242) in /home/ubuntu/workspace/blog/wp-includes/pluggable.php on line 1254
[06-Mar-2019 20:10:36 UTC] PHP Warning:  Cannot modify header information - headers already sent by (output started at /home/ubuntu/workspace/blog/wp-includes/class.wp-styles.php:242) in /home/ubuntu/workspace/blog/wp-content/plugins/languageswitch.php on line 14
[06-Mar-2019 20:10:36 UTC] PHP Warning:  Cannot modify header information - headers already sent by (output started at /home/ubuntu/workspace/blog/wp-includes/class.wp-styles.php:242) in /home/ubuntu/workspace/blog/wp-includes/pluggable.php on line 1251
[06-Mar-2019 20:10:36 UTC] PHP Warning:  Cannot modify header information - headers already sent by (output started at /home/ubuntu/workspace/blog/wp-includes/class.wp-styles.php:242) in /home/ubuntu/workspace/blog/wp-includes/pluggable.php on line 1254
[06-Mar-2019 20:10:36 UTC] PHP Warning:  Cannot modify header information - headers already sent by (output started at /home/ubuntu/workspace/blog/wp-includes/class.wp-styles.php:242) in /home/ubuntu/workspace/blog/wp-content/plugins/languageswitch.php on line 14
[06-Mar-2019 20:10:36 UTC] PHP Warning:  Cannot modify header information - headers already sent by (output started at /home/ubuntu/workspace/blog/wp-includes/class.wp-styles.php:242) in /home/ubuntu/workspace/blog/wp-includes/pluggable.php on line 1251
[06-Mar-2019 20:10:36 UTC] PHP Warning:  Cannot modify header information - headers already sent by (output started at /home/ubuntu/workspace/blog/wp-includes/class.wp-styles.php:242) in /home/ubuntu/workspace/blog/wp-includes/pluggable.php on line 1254
[06-Mar-2019 20:10:36 UTC] PHP Warning:  Cannot modify header information - headers already sent by (output started at /home/ubuntu/workspace/blog/wp-includes/class.wp-styles.php:242) in /home/ubuntu/workspace/blog/wp-content/plugins/languageswitch.php on line 14
[06-Mar-2019 20:10:36 UTC] PHP Warning:  Cannot modify header information - headers already sent by (output started at /home/ubuntu/workspace/blog/wp-includes/class.wp-styles.php:242) in /home/ubuntu/workspace/blog/wp-includes/pluggable.php on line 1251
[06-Mar-2019 20:10:36 UTC] PHP Warning:  Cannot modify header information - headers already sent by (output started at /home/ubuntu/workspace/blog/wp-includes/class.wp-styles.php:242) in /home/ubuntu/workspace/blog/wp-includes/pluggable.php on line 1254
[06-Mar-2019 20:10:36 UTC] PHP Warning:  Cannot modify header information - headers already sent by (output started at /home/ubuntu/workspace/blog/wp-includes/class.wp-styles.php:242) in /home/ubuntu/workspace/blog/wp-content/plugins/languageswitch.php on line 14
[06-Mar-2019 20:10:36 UTC] PHP Warning:  Cannot modify header information - headers already sent by (output started at /home/ubuntu/workspace/blog/wp-includes/class.wp-styles.php:242) in /home/ubuntu/workspace/blog/wp-includes/pluggable.php on line 1251
[06-Mar-2019 20:10:36 UTC] PHP Warning:  Cannot modify header information - headers already sent by (output started at /home/ubuntu/workspace/blog/wp-includes/class.wp-styles.php:242) in /home/ubuntu/workspace/blog/wp-includes/pluggable.php on line 1254
[06-Mar-2019 20:10:36 UTC] PHP Warning:  Cannot modify header information - headers already sent by (output started at /home/ubuntu/workspace/blog/wp-includes/class.wp-styles.php:242) in /home/ubuntu/workspace/blog/wp-content/plugins/languageswitch.php on line 14
[06-Mar-2019 20:10:36 UTC] PHP Warning:  Cannot modify header information - headers already sent by (output started at /home/ubuntu/workspace/blog/wp-includes/class.wp-styles.php:242) in /home/ubuntu/workspace/blog/wp-includes/pluggable.php on line 1251
[06-Mar-2019 20:10:36 UTC] PHP Warning:  Cannot modify header information - headers already sent by (output started at /home/ubuntu/workspace/blog/wp-includes/class.wp-styles.php:242) in /home/ubuntu/workspace/blog/wp-includes/pluggable.php on line 1254
[06-Mar-2019 20:10:36 UTC] PHP Warning:  Cannot modify header information - headers already sent by (output started at /home/ubuntu/workspace/blog/wp-includes/class.wp-styles.php:242) in /home/ubuntu/workspace/blog/wp-content/plugins/languageswitch.php on line 14
[06-Mar-2019 20:10:36 UTC] PHP Warning:  Cannot modify header information - headers already sent by (output started at /home/ubuntu/workspace/blog/wp-includes/class.wp-styles.php:242) in /home/ubuntu/workspace/blog/wp-includes/pluggable.php on line 1251
[06-Mar-2019 20:10:36 UTC] PHP Warning:  Cannot modify header information - headers already sent by (output started at /home/ubuntu/workspace/blog/wp-includes/class.wp-styles.php:242) in /home/ubuntu/workspace/blog/wp-includes/pluggable.php on line 1254
[06-Mar-2019 20:10:36 UTC] PHP Warning:  Cannot modify header information - headers already sent by (output started at /home/ubuntu/workspace/blog/wp-includes/class.wp-styles.php:242) in /home/ubuntu/workspace/blog/wp-content/plugins/languageswitch.php on line 14
[06-Mar-2019 20:10:36 UTC] PHP Warning:  Cannot modify header information - headers already sent by (output started at /home/ubuntu/workspace/blog/wp-includes/class.wp-styles.php:242) in /home/ubuntu/workspace/blog/wp-includes/pluggable.php on line 1251
[06-Mar-2019 20:10:36 UTC] PHP Warning:  Cannot modify header information - headers already sent by (output started at /home/ubuntu/workspace/blog/wp-includes/class.wp-styles.php:242) in /home/ubuntu/workspace/blog/wp-includes/pluggable.php on line 1254
[06-Mar-2019 20:10:36 UTC] PHP Warning:  Cannot modify header information - headers already sent by (output started at /home/ubuntu/workspace/blog/wp-includes/class.wp-styles.php:242) in /home/ubuntu/workspace/blog/wp-content/plugins/languageswitch.php on line 14
[06-Mar-2019 20:10:36 UTC] PHP Warning:  Cannot modify header information - headers already sent by (output started at /home/ubuntu/workspace/blog/wp-includes/class.wp-styles.php:242) in /home/ubuntu/workspace/blog/wp-includes/pluggable.php on line 1251
[06-Mar-2019 20:10:36 UTC] PHP Warning:  Cannot modify header information - headers already sent by (output started at /home/ubuntu/workspace/blog/wp-includes/class.wp-styles.php:242) in /home/ubuntu/workspace/blog/wp-includes/pluggable.php on line 1254
[06-Mar-2019 20:10:36 UTC] PHP Warning:  Cannot modify header information - headers already sent by (output started at /home/ubuntu/workspace/blog/wp-includes/class.wp-styles.php:242) in /home/ubuntu/workspace/blog/wp-content/plugins/languageswitch.php on line 14
[06-Mar-2019 20:10:36 UTC] PHP Warning:  Cannot modify header information - headers already sent by (output started at /home/ubuntu/workspace/blog/wp-includes/class.wp-styles.php:242) in /home/ubuntu/workspace/blog/wp-includes/pluggable.php on line 1251
[06-Mar-2019 20:10:36 UTC] PHP Warning:  Cannot modify header information - headers already sent by (output started at /home/ubuntu/workspace/blog/wp-includes/class.wp-styles.php:242) in /home/ubuntu/workspace/blog/wp-includes/pluggable.php on line 1254
[06-Mar-2019 20:10:36 UTC] PHP Warning:  Cannot modify header information - headers already sent by (output started at /home/ubuntu/workspace/blog/wp-includes/class.wp-styles.php:242) in /home/ubuntu/workspace/blog/wp-content/plugins/languageswitch.php on line 14
[06-Mar-2019 20:10:36 UTC] PHP Warning:  Cannot modify header information - headers already sent by (output started at /home/ubuntu/workspace/blog/wp-includes/class.wp-styles.php:242) in /home/ubuntu/workspace/blog/wp-includes/pluggable.php on line 1251
[06-Mar-2019 20:10:36 UTC] PHP Warning:  Cannot modify header information - headers already sent by (output started at /home/ubuntu/workspace/blog/wp-includes/class.wp-styles.php:242) in /home/ubuntu/workspace/blog/wp-includes/pluggable.php on line 1254
[06-Mar-2019 20:10:36 UTC] PHP Warning:  Cannot modify header information - headers already sent by (output started at /home/ubuntu/workspace/blog/wp-includes/class.wp-styles.php:242) in /home/ubuntu/workspace/blog/wp-content/plugins/languageswitch.php on line 14
[06-Mar-2019 20:10:36 UTC] PHP Warning:  Cannot modify header information - headers already sent by (output started at /home/ubuntu/workspace/blog/wp-includes/class.wp-styles.php:242) in /home/ubuntu/workspace/blog/wp-includes/pluggable.php on line 1251
[06-Mar-2019 20:10:36 UTC] PHP Warning:  Cannot modify header information - headers already sent by (output started at /home/ubuntu/workspace/blog/wp-includes/class.wp-styles.php:242) in /home/ubuntu/workspace/blog/wp-includes/pluggable.php on line 1254
[06-Mar-2019 20:10:36 UTC] PHP Warning:  Cannot modify header information - headers already sent by (output started at /home/ubuntu/workspace/blog/wp-includes/class.wp-styles.php:242) in /home/ubuntu/workspace/blog/wp-content/plugins/languageswitch.php on line 14
[06-Mar-2019 20:10:36 UTC] PHP Warning:  Cannot modify header information - headers already sent by (output started at /home/ubuntu/workspace/blog/wp-includes/class.wp-styles.php:242) in /home/ubuntu/workspace/blog/wp-includes/pluggable.php on line 1251
[06-Mar-2019 20:10:36 UTC] PHP Warning:  Cannot modify header information - headers already sent by (output started at /home/ubuntu/workspace/blog/wp-includes/class.wp-styles.php:242) in /home/ubuntu/workspace/blog/wp-includes/pluggable.php on line 1254
[06-Mar-2019 20:10:36 UTC] PHP Warning:  Cannot modify header information - headers already sent by (output started at /home/ubuntu/workspace/blog/wp-includes/class.wp-styles.php:242) in /home/ubuntu/workspace/blog/wp-content/plugins/languageswitch.php on line 14
[06-Mar-2019 20:10:36 UTC] PHP Warning:  Cannot modify header information - headers already sent by (output started at /home/ubuntu/workspace/blog/wp-includes/class.wp-styles.php:242) in /home/ubuntu/workspace/blog/wp-includes/pluggable.php on line 1251
[06-Mar-2019 20:10:36 UTC] PHP Warning:  Cannot modify header information - headers already sent by (output started at /home/ubuntu/workspace/blog/wp-includes/class.wp-styles.php:242) in /home/ubuntu/workspace/blog/wp-includes/pluggable.php on line 1254
[06-Mar-2019 20:10:40 UTC] PHP Warning:  Cannot modify header information - headers already sent by (output started at /home/ubuntu/workspace/blog/wp-includes/class.wp-styles.php:242) in /home/ubuntu/workspace/blog/wp-content/plugins/languageswitch.php on line 16
[06-Mar-2019 20:10:40 UTC] PHP Warning:  Cannot modify header information - headers already sent by (output started at /home/ubuntu/workspace/blog/wp-includes/class.wp-styles.php:242) in /home/ubuntu/workspace/blog/wp-includes/pluggable.php on line 1251
[06-Mar-2019 20:10:40 UTC] PHP Warning:  Cannot modify header information - headers already sent by (output started at /home/ubuntu/workspace/blog/wp-includes/class.wp-styles.php:242) in /home/ubuntu/workspace/blog/wp-includes/pluggable.php on line 1254
[06-Mar-2019 20:10:40 UTC] PHP Warning:  Cannot modify header information - headers already sent by (output started at /home/ubuntu/workspace/blog/wp-includes/class.wp-styles.php:242) in /home/ubuntu/workspace/blog/wp-content/plugins/languageswitch.php on line 16
[06-Mar-2019 20:10:40 UTC] PHP Warning:  Cannot modify header information - headers already sent by (output started at /home/ubuntu/workspace/blog/wp-includes/class.wp-styles.php:242) in /home/ubuntu/workspace/blog/wp-includes/pluggable.php on line 1251
[06-Mar-2019 20:10:40 UTC] PHP Warning:  Cannot modify header information - headers already sent by (output started at /home/ubuntu/workspace/blog/wp-includes/class.wp-styles.php:242) in /home/ubuntu/workspace/blog/wp-includes/pluggable.php on line 1254
[06-Mar-2019 20:10:40 UTC] PHP Warning:  Cannot modify header information - headers already sent by (output started at /home/ubuntu/workspace/blog/wp-includes/class.wp-styles.php:242) in /home/ubuntu/workspace/blog/wp-content/plugins/languageswitch.php on line 16
[06-Mar-2019 20:10:40 UTC] PHP Warning:  Cannot modify header information - headers already sent by (output started at /home/ubuntu/workspace/blog/wp-includes/class.wp-styles.php:242) in /home/ubuntu/workspace/blog/wp-includes/pluggable.php on line 1251
[06-Mar-2019 20:10:40 UTC] PHP Warning:  Cannot modify header information - headers already sent by (output started at /home/ubuntu/workspace/blog/wp-includes/class.wp-styles.php:242) in /home/ubuntu/workspace/blog/wp-includes/pluggable.php on line 1254
[06-Mar-2019 20:10:40 UTC] PHP Warning:  Cannot modify header information - headers already sent by (output started at /home/ubuntu/workspace/blog/wp-includes/class.wp-styles.php:242) in /home/ubuntu/workspace/blog/wp-content/plugins/languageswitch.php on line 16
[06-Mar-2019 20:10:40 UTC] PHP Warning:  Cannot modify header information - headers already sent by (output started at /home/ubuntu/workspace/blog/wp-includes/class.wp-styles.php:242) in /home/ubuntu/workspace/blog/wp-includes/pluggable.php on line 1251
[06-Mar-2019 20:10:40 UTC] PHP Warning:  Cannot modify header information - headers already sent by (output started at /home/ubuntu/workspace/blog/wp-includes/class.wp-styles.php:242) in /home/ubuntu/workspace/blog/wp-includes/pluggable.php on line 1254
[06-Mar-2019 20:10:40 UTC] PHP Warning:  Cannot modify header information - headers already sent by (output started at /home/ubuntu/workspace/blog/wp-includes/class.wp-styles.php:242) in /home/ubuntu/workspace/blog/wp-content/plugins/languageswitch.php on line 16
[06-Mar-2019 20:10:40 UTC] PHP Warning:  Cannot modify header information - headers already sent by (output started at /home/ubuntu/workspace/blog/wp-includes/class.wp-styles.php:242) in /home/ubuntu/workspace/blog/wp-includes/pluggable.php on line 1251
[06-Mar-2019 20:10:40 UTC] PHP Warning:  Cannot modify header information - headers already sent by (output started at /home/ubuntu/workspace/blog/wp-includes/class.wp-styles.php:242) in /home/ubuntu/workspace/blog/wp-includes/pluggable.php on line 1254
[06-Mar-2019 20:10:40 UTC] PHP Warning:  Cannot modify header information - headers already sent by (output started at /home/ubuntu/workspace/blog/wp-includes/class.wp-styles.php:242) in /home/ubuntu/workspace/blog/wp-content/plugins/languageswitch.php on line 16
[06-Mar-2019 20:10:40 UTC] PHP Warning:  Cannot modify header information - headers already sent by (output started at /home/ubuntu/workspace/blog/wp-includes/class.wp-styles.php:242) in /home/ubuntu/workspace/blog/wp-includes/pluggable.php on line 1251
[06-Mar-2019 20:10:40 UTC] PHP Warning:  Cannot modify header information - headers already sent by (output started at /home/ubuntu/workspace/blog/wp-includes/class.wp-styles.php:242) in /home/ubuntu/workspace/blog/wp-includes/pluggable.php on line 1254
[06-Mar-2019 20:10:40 UTC] PHP Warning:  Cannot modify header information - headers already sent by (output started at /home/ubuntu/workspace/blog/wp-includes/class.wp-styles.php:242) in /home/ubuntu/workspace/blog/wp-content/plugins/languageswitch.php on line 16
[06-Mar-2019 20:10:40 UTC] PHP Warning:  Cannot modify header information - headers already sent by (output started at /home/ubuntu/workspace/blog/wp-includes/class.wp-styles.php:242) in /home/ubuntu/workspace/blog/wp-includes/pluggable.php on line 1251
[06-Mar-2019 20:10:40 UTC] PHP Warning:  Cannot modify header information - headers already sent by (output started at /home/ubuntu/workspace/blog/wp-includes/class.wp-styles.php:242) in /home/ubuntu/workspace/blog/wp-includes/pluggable.php on line 1254
[06-Mar-2019 20:10:40 UTC] PHP Warning:  Cannot modify header information - headers already sent by (output started at /home/ubuntu/workspace/blog/wp-includes/class.wp-styles.php:242) in /home/ubuntu/workspace/blog/wp-content/plugins/languageswitch.php on line 16
[06-Mar-2019 20:10:40 UTC] PHP Warning:  Cannot modify header information - headers already sent by (output started at /home/ubuntu/workspace/blog/wp-includes/class.wp-styles.php:242) in /home/ubuntu/workspace/blog/wp-includes/pluggable.php on line 1251
[06-Mar-2019 20:10:40 UTC] PHP Warning:  Cannot modify header information - headers already sent by (output started at /home/ubuntu/workspace/blog/wp-includes/class.wp-styles.php:242) in /home/ubuntu/workspace/blog/wp-includes/pluggable.php on line 1254
[06-Mar-2019 20:10:40 UTC] PHP Warning:  Cannot modify header information - headers already sent by (output started at /home/ubuntu/workspace/blog/wp-includes/class.wp-styles.php:242) in /home/ubuntu/workspace/blog/wp-content/plugins/languageswitch.php on line 16
[06-Mar-2019 20:10:40 UTC] PHP Warning:  Cannot modify header information - headers already sent by (output started at /home/ubuntu/workspace/blog/wp-includes/class.wp-styles.php:242) in /home/ubuntu/workspace/blog/wp-includes/pluggable.php on line 1251
[06-Mar-2019 20:10:40 UTC] PHP Warning:  Cannot modify header information - headers already sent by (output started at /home/ubuntu/workspace/blog/wp-includes/class.wp-styles.php:242) in /home/ubuntu/workspace/blog/wp-includes/pluggable.php on line 1254
[06-Mar-2019 20:10:40 UTC] PHP Warning:  Cannot modify header information - headers already sent by (output started at /home/ubuntu/workspace/blog/wp-includes/class.wp-styles.php:242) in /home/ubuntu/workspace/blog/wp-content/plugins/languageswitch.php on line 16
[06-Mar-2019 20:10:40 UTC] PHP Warning:  Cannot modify header information - headers already sent by (output started at /home/ubuntu/workspace/blog/wp-includes/class.wp-styles.php:242) in /home/ubuntu/workspace/blog/wp-includes/pluggable.php on line 1251
[06-Mar-2019 20:10:40 UTC] PHP Warning:  Cannot modify header information - headers already sent by (output started at /home/ubuntu/workspace/blog/wp-includes/class.wp-styles.php:242) in /home/ubuntu/workspace/blog/wp-includes/pluggable.php on line 1254
[06-Mar-2019 20:10:40 UTC] PHP Warning:  Cannot modify header information - headers already sent by (output started at /home/ubuntu/workspace/blog/wp-includes/class.wp-styles.php:242) in /home/ubuntu/workspace/blog/wp-content/plugins/languageswitch.php on line 16
[06-Mar-2019 20:10:40 UTC] PHP Warning:  Cannot modify header information - headers already sent by (output started at /home/ubuntu/workspace/blog/wp-includes/class.wp-styles.php:242) in /home/ubuntu/workspace/blog/wp-includes/pluggable.php on line 1251
[06-Mar-2019 20:10:40 UTC] PHP Warning:  Cannot modify header information - headers already sent by (output started at /home/ubuntu/workspace/blog/wp-includes/class.wp-styles.php:242) in /home/ubuntu/workspace/blog/wp-includes/pluggable.php on line 1254
[06-Mar-2019 20:10:40 UTC] PHP Warning:  Cannot modify header information - headers already sent by (output started at /home/ubuntu/workspace/blog/wp-includes/class.wp-styles.php:242) in /home/ubuntu/workspace/blog/wp-content/plugins/languageswitch.php on line 16
[06-Mar-2019 20:10:40 UTC] PHP Warning:  Cannot modify header information - headers already sent by (output started at /home/ubuntu/workspace/blog/wp-includes/class.wp-styles.php:242) in /home/ubuntu/workspace/blog/wp-includes/pluggable.php on line 1251
[06-Mar-2019 20:10:40 UTC] PHP Warning:  Cannot modify header information - headers already sent by (output started at /home/ubuntu/workspace/blog/wp-includes/class.wp-styles.php:242) in /home/ubuntu/workspace/blog/wp-includes/pluggable.php on line 1254
[06-Mar-2019 20:10:40 UTC] PHP Warning:  Cannot modify header information - headers already sent by (output started at /home/ubuntu/workspace/blog/wp-includes/class.wp-styles.php:242) in /home/ubuntu/workspace/blog/wp-content/plugins/languageswitch.php on line 16
[06-Mar-2019 20:10:40 UTC] PHP Warning:  Cannot modify header information - headers already sent by (output started at /home/ubuntu/workspace/blog/wp-includes/class.wp-styles.php:242) in /home/ubuntu/workspace/blog/wp-includes/pluggable.php on line 1251
[06-Mar-2019 20:10:40 UTC] PHP Warning:  Cannot modify header information - headers already sent by (output started at /home/ubuntu/workspace/blog/wp-includes/class.wp-styles.php:242) in /home/ubuntu/workspace/blog/wp-includes/pluggable.php on line 1254
[06-Mar-2019 20:10:40 UTC] PHP Warning:  Cannot modify header information - headers already sent by (output started at /home/ubuntu/workspace/blog/wp-includes/class.wp-styles.php:242) in /home/ubuntu/workspace/blog/wp-content/plugins/languageswitch.php on line 16
[06-Mar-2019 20:10:40 UTC] PHP Warning:  Cannot modify header information - headers already sent by (output started at /home/ubuntu/workspace/blog/wp-includes/class.wp-styles.php:242) in /home/ubuntu/workspace/blog/wp-includes/pluggable.php on line 1251
[06-Mar-2019 20:10:40 UTC] PHP Warning:  Cannot modify header information - headers already sent by (output started at /home/ubuntu/workspace/blog/wp-includes/class.wp-styles.php:242) in /home/ubuntu/workspace/blog/wp-includes/pluggable.php on line 1254
[06-Mar-2019 20:12:05 UTC] PHP Parse error:  syntax error, unexpected ';', expecting :: (T_PAAMAYIM_NEKUDOTAYIM) in /home/ubuntu/workspace/blog/wp-content/plugins/languageswitch.php on line 18
[07-Mar-2019 17:41:04 UTC] PHP Parse error:  syntax error, unexpected '&' in /home/ubuntu/workspace/blog/wp-content/themes/H-Code/functions-api.php on line 64
[07-Mar-2019 17:48:36 UTC] PHP Parse error:  syntax error, unexpected '&' in /home/ubuntu/workspace/blog/wp-content/themes/H-Code/functions-api.php on line 64
[07-Mar-2019 17:49:12 UTC] PHP Parse error:  syntax error, unexpected ';', expecting identifier (T_STRING) or variable (T_VARIABLE) or '{' or '$' in /home/ubuntu/workspace/blog/wp-content/themes/H-Code/functions-api.php on line 64
[07-Mar-2019 17:49:58 UTC] PHP Parse error:  syntax error, unexpected '=', expecting ')' in /home/ubuntu/workspace/blog/wp-content/themes/H-Code/functions-api.php on line 82
[07-Mar-2019 17:52:13 UTC] PHP Fatal error:  Uncaught Error: Call to undefined function edd_get_variable_prices() in /home/ubuntu/workspace/blog/wp-content/themes/H-Code/functions-api.php:71
Stack trace:
#0 /home/ubuntu/workspace/blog/wp-includes/rest-api/class-wp-rest-server.php(946): query_lastposts(Object(WP_REST_Request))
#1 /home/ubuntu/workspace/blog/wp-includes/rest-api/class-wp-rest-server.php(329): WP_REST_Server->dispatch(Object(WP_REST_Request))
#2 /home/ubuntu/workspace/blog/wp-includes/rest-api.php(309): WP_REST_Server->serve_request('/miapi/lastpost...')
#3 /home/ubuntu/workspace/blog/wp-includes/class-wp-hook.php(286): rest_api_loaded(Object(WP))
#4 /home/ubuntu/workspace/blog/wp-includes/class-wp-hook.php(310): WP_Hook->apply_filters('', Array)
#5 /home/ubuntu/workspace/blog/wp-includes/plugin.php(531): WP_Hook->do_action(Array)
#6 /home/ubuntu/workspace/blog/wp-includes/class-wp.php(387): do_action_ref_array('parse_request', Array)
#7 /home/ubuntu/workspace/blog/wp-includes/class-wp.php(737): WP->parse_request('')
#8 /home/ubuntu/worksp in /home/ubuntu/workspace/blog/wp-content/themes/H-Code/functions-api.php on line 71
[07-Mar-2019 17:53:27 UTC] PHP Fatal error:  Uncaught Error: Call to undefined function edd_get_variable_prices() in /home/ubuntu/workspace/blog/wp-content/themes/H-Code/functions-api.php:71
Stack trace:
#0 /home/ubuntu/workspace/blog/wp-includes/rest-api/class-wp-rest-server.php(946): query_lastposts(Object(WP_REST_Request))
#1 /home/ubuntu/workspace/blog/wp-includes/rest-api/class-wp-rest-server.php(329): WP_REST_Server->dispatch(Object(WP_REST_Request))
#2 /home/ubuntu/workspace/blog/wp-includes/rest-api.php(309): WP_REST_Server->serve_request('/miapi/lastpost...')
#3 /home/ubuntu/workspace/blog/wp-includes/class-wp-hook.php(286): rest_api_loaded(Object(WP))
#4 /home/ubuntu/workspace/blog/wp-includes/class-wp-hook.php(310): WP_Hook->apply_filters('', Array)
#5 /home/ubuntu/workspace/blog/wp-includes/plugin.php(531): WP_Hook->do_action(Array)
#6 /home/ubuntu/workspace/blog/wp-includes/class-wp.php(387): do_action_ref_array('parse_request', Array)
#7 /home/ubuntu/workspace/blog/wp-includes/class-wp.php(737): WP->parse_request('')
#8 /home/ubuntu/worksp in /home/ubuntu/workspace/blog/wp-content/themes/H-Code/functions-api.php on line 71
[07-Mar-2019 17:54:22 UTC] PHP Fatal error:  Uncaught Error: Call to undefined function edd_get_variable_prices() in /home/ubuntu/workspace/blog/wp-content/themes/H-Code/functions-api.php:24
Stack trace:
#0 /home/ubuntu/workspace/blog/wp-includes/rest-api/class-wp-rest-server.php(946): query_lastposts(Object(WP_REST_Request))
#1 /home/ubuntu/workspace/blog/wp-includes/rest-api/class-wp-rest-server.php(329): WP_REST_Server->dispatch(Object(WP_REST_Request))
#2 /home/ubuntu/workspace/blog/wp-includes/rest-api.php(309): WP_REST_Server->serve_request('/miapi/lastpost...')
#3 /home/ubuntu/workspace/blog/wp-includes/class-wp-hook.php(286): rest_api_loaded(Object(WP))
#4 /home/ubuntu/workspace/blog/wp-includes/class-wp-hook.php(310): WP_Hook->apply_filters('', Array)
#5 /home/ubuntu/workspace/blog/wp-includes/plugin.php(531): WP_Hook->do_action(Array)
#6 /home/ubuntu/workspace/blog/wp-includes/class-wp.php(387): do_action_ref_array('parse_request', Array)
#7 /home/ubuntu/workspace/blog/wp-includes/class-wp.php(737): WP->parse_request('')
#8 /home/ubuntu/worksp in /home/ubuntu/workspace/blog/wp-content/themes/H-Code/functions-api.php on line 24
[07-Mar-2019 17:56:26 UTC] PHP Fatal error:  Uncaught Error: Call to undefined function edd_get_variable_prices() in /home/ubuntu/workspace/blog/wp-content/themes/H-Code/functions-api.php:24
Stack trace:
#0 /home/ubuntu/workspace/blog/wp-includes/rest-api/class-wp-rest-server.php(946): query_lastposts(Object(WP_REST_Request))
#1 /home/ubuntu/workspace/blog/wp-includes/rest-api/class-wp-rest-server.php(329): WP_REST_Server->dispatch(Object(WP_REST_Request))
#2 /home/ubuntu/workspace/blog/wp-includes/rest-api.php(309): WP_REST_Server->serve_request('/miapi/lastpost...')
#3 /home/ubuntu/workspace/blog/wp-includes/class-wp-hook.php(286): rest_api_loaded(Object(WP))
#4 /home/ubuntu/workspace/blog/wp-includes/class-wp-hook.php(310): WP_Hook->apply_filters('', Array)
#5 /home/ubuntu/workspace/blog/wp-includes/plugin.php(531): WP_Hook->do_action(Array)
#6 /home/ubuntu/workspace/blog/wp-includes/class-wp.php(387): do_action_ref_array('parse_request', Array)
#7 /home/ubuntu/workspace/blog/wp-includes/class-wp.php(737): WP->parse_request('')
#8 /home/ubuntu/worksp in /home/ubuntu/workspace/blog/wp-content/themes/H-Code/functions-api.php on line 24
[07-Mar-2019 18:02:01 UTC] PHP Fatal error:  Uncaught Error: Call to undefined function wp_reset_post_data() in /home/ubuntu/workspace/blog/wp-content/themes/H-Code/functions-api.php:29
Stack trace:
#0 /home/ubuntu/workspace/blog/wp-includes/rest-api/class-wp-rest-server.php(946): query_lastposts(Object(WP_REST_Request))
#1 /home/ubuntu/workspace/blog/wp-includes/rest-api/class-wp-rest-server.php(329): WP_REST_Server->dispatch(Object(WP_REST_Request))
#2 /home/ubuntu/workspace/blog/wp-includes/rest-api.php(309): WP_REST_Server->serve_request('/miapi/lastpost...')
#3 /home/ubuntu/workspace/blog/wp-includes/class-wp-hook.php(286): rest_api_loaded(Object(WP))
#4 /home/ubuntu/workspace/blog/wp-includes/class-wp-hook.php(310): WP_Hook->apply_filters('', Array)
#5 /home/ubuntu/workspace/blog/wp-includes/plugin.php(531): WP_Hook->do_action(Array)
#6 /home/ubuntu/workspace/blog/wp-includes/class-wp.php(387): do_action_ref_array('parse_request', Array)
#7 /home/ubuntu/workspace/blog/wp-includes/class-wp.php(737): WP->parse_request('')
#8 /home/ubuntu/workspace/b in /home/ubuntu/workspace/blog/wp-content/themes/H-Code/functions-api.php on line 29
[07-Mar-2019 18:02:14 UTC] PHP Fatal error:  Uncaught Error: Call to undefined function wp_reset_data() in /home/ubuntu/workspace/blog/wp-content/themes/H-Code/functions-api.php:29
Stack trace:
#0 /home/ubuntu/workspace/blog/wp-includes/rest-api/class-wp-rest-server.php(946): query_lastposts(Object(WP_REST_Request))
#1 /home/ubuntu/workspace/blog/wp-includes/rest-api/class-wp-rest-server.php(329): WP_REST_Server->dispatch(Object(WP_REST_Request))
#2 /home/ubuntu/workspace/blog/wp-includes/rest-api.php(309): WP_REST_Server->serve_request('/miapi/lastpost...')
#3 /home/ubuntu/workspace/blog/wp-includes/class-wp-hook.php(286): rest_api_loaded(Object(WP))
#4 /home/ubuntu/workspace/blog/wp-includes/class-wp-hook.php(310): WP_Hook->apply_filters('', Array)
#5 /home/ubuntu/workspace/blog/wp-includes/plugin.php(531): WP_Hook->do_action(Array)
#6 /home/ubuntu/workspace/blog/wp-includes/class-wp.php(387): do_action_ref_array('parse_request', Array)
#7 /home/ubuntu/workspace/blog/wp-includes/class-wp.php(737): WP->parse_request('')
#8 /home/ubuntu/workspace/blog/w in /home/ubuntu/workspace/blog/wp-content/themes/H-Code/functions-api.php on line 29
[07-Mar-2019 18:04:45 UTC] PHP Parse error:  syntax error, unexpected ';', expecting ')' in /home/ubuntu/workspace/blog/wp-content/themes/H-Code/functions-api.php on line 18
[07-Mar-2019 18:05:38 UTC] PHP Parse error:  syntax error, unexpected ';', expecting ')' in /home/ubuntu/workspace/blog/wp-content/themes/H-Code/functions-api.php on line 18
[07-Mar-2019 18:05:50 UTC] PHP Parse error:  syntax error, unexpected ';', expecting ')' in /home/ubuntu/workspace/blog/wp-content/themes/H-Code/functions-api.php on line 18
[07-Mar-2019 18:06:34 UTC] PHP Parse error:  syntax error, unexpected ';', expecting ')' in /home/ubuntu/workspace/blog/wp-content/themes/H-Code/functions-api.php on line 18
[07-Mar-2019 18:07:35 UTC] PHP Fatal error:  Uncaught Error: Call to undefined function get_the_post() in /home/ubuntu/workspace/blog/wp-content/themes/H-Code/functions-api.php:26
Stack trace:
#0 /home/ubuntu/workspace/blog/wp-includes/rest-api/class-wp-rest-server.php(946): query_lastposts(Object(WP_REST_Request))
#1 /home/ubuntu/workspace/blog/wp-includes/rest-api/class-wp-rest-server.php(329): WP_REST_Server->dispatch(Object(WP_REST_Request))
#2 /home/ubuntu/workspace/blog/wp-includes/rest-api.php(309): WP_REST_Server->serve_request('/miapi/lastpost...')
#3 /home/ubuntu/workspace/blog/wp-includes/class-wp-hook.php(286): rest_api_loaded(Object(WP))
#4 /home/ubuntu/workspace/blog/wp-includes/class-wp-hook.php(310): WP_Hook->apply_filters('', Array)
#5 /home/ubuntu/workspace/blog/wp-includes/plugin.php(531): WP_Hook->do_action(Array)
#6 /home/ubuntu/workspace/blog/wp-includes/class-wp.php(387): do_action_ref_array('parse_request', Array)
#7 /home/ubuntu/workspace/blog/wp-includes/class-wp.php(737): WP->parse_request('')
#8 /home/ubuntu/workspace/blog/wp in /home/ubuntu/workspace/blog/wp-content/themes/H-Code/functions-api.php on line 26
[07-Mar-2019 18:24:36 UTC] PHP Parse error:  syntax error, unexpected ';', expecting ')' in /home/ubuntu/workspace/blog/wp-content/themes/H-Code/functions-api.php on line 17
[08-Mar-2019 09:36:39 UTC] PHP Parse error:  syntax error, unexpected ';', expecting ')' in /home/ubuntu/workspace/blog/wp-content/themes/H-Code/functions-api.php on line 24
